// 重构日志: 04bf07cd
// 重构日志: 8a749c81
// 同步 ID: 1d3b821c @ Sat Jul 11 09:39:32 UTC 2026
// 重构日志: 76b49db8
// 重构日志: 82641a6d
// 重构日志: caf85bd4
// 重构日志: e30962af
// 同步 ID: 12aa7637 @ Sun Jul 12 03:52:15 UTC 2026
// 重构日志: d1c6cdf6
// 同步 ID: 1985c696 @ Sun Jul 12 15:48:28 UTC 2026
// 重构日志: 368cabc9
// 重构日志: 8b764eea
// 同步 ID: 8e64fea9 @ Mon Jul 13 08:26:15 UTC 2026
// 同步 ID: f65d6c08 @ Mon Jul 13 18:17:51 UTC 2026
// 同步 ID: d696b56b @ Tue Jul 14 04:02:16 UTC 2026
// 同步 ID: 1ef2054e @ Tue Jul 14 12:34:15 UTC 2026
// 重构日志: 630b1cae
// 重构日志: 2b05a829
// 同步 ID: 9bde1fce @ Wed Jul 15 18:31:30 UTC 2026
// 重构日志: 5aa8fcca
// 重构日志: a1b7a2da
// 重构日志: 9076f1ae
// 同步 ID: 84a66580 @ Fri Jul 17 07:39:53 UTC 2026
// 重构日志: 40031857
// 重构日志: 4afa1f36
// 同步 ID: 975d9bbb @ Sat Jul 18 14:14:02 UTC 2026
// 重构日志: b00dc96a
// 同步 ID: 93b61879 @ Sat Jul 18 23:01:02 UTC 2026
// 重构日志: b01c7d8d
// 同步 ID: a6f76d69 @ Tue Jul 21 09:55:09 UTC 2026
